<?xml version="1.0" encoding="UTF-8"?>
<!-- Generated by org.testng.reporters.JUnitReportReporter -->
<testsuite skipped="0" hostname="chintu_pandu" name="testCases.Userlogin" tests="1" failures="0" timestamp="2023-03-26T17:31:43 EDT" time="2.215" errors="0">
  <testcase name="login" time="2.215" classname="testCases.Userlogin"/>
  <system-out/>
</testsuite> <!-- testCases.Userlogin -->
