<?xml version="1.0" encoding="UTF-8"?>
<!-- Generated by org.testng.reporters.JUnitReportReporter -->
<testsuite skipped="0" hostname="chintu_pandu" name="testCases.Createaccount" tests="3" failures="0" timestamp="2023-03-26T20:58:37 EDT" time="6.401" errors="0">
  <testcase name="logintoManagerAccount" time="1.076" classname="testCases.Createaccount"/>
  <system-out/>
  <testcase name="createNewAccount" time="4.738" classname="testCases.Createaccount"/>
  <system-out/>
  <testcase name="managerAccount" time="0.587" classname="testCases.Createaccount"/>
  <system-out/>
</testsuite> <!-- testCases.Createaccount -->
